This is pdfTeX, Version 3.14159265-2.6-1.40.15 (TeX Live 2014) (preloaded format=pdflatex 2014.9.26)  16 AUG 2015 16:12
entering extended mode
 restricted \write18 enabled.
 %&-line parsing enabled.
**main.tex
(./main.tex
LaTeX2e <2014/05/01>
Babel <3.9k> and hyphenation patterns for 78 languages loaded.
(/usr/local/texlive/2014/texmf-dist/tex/latex/base/book.cls
Document Class: book 2007/10/19 v1.4h Standard LaTeX document class
(/usr/local/texlive/2014/texmf-dist/tex/latex/base/bk10.clo
File: bk10.clo 2007/10/19 v1.4h Standard LaTeX file (size option)
)
\c@part=\count79
\c@chapter=\count80
\c@section=\count81
\c@subsection=\count82
\c@subsubsection=\count83
\c@paragraph=\count84
\c@subparagraph=\count85
\c@figure=\count86
\c@table=\count87
\abovecaptionskip=\skip41
\belowcaptionskip=\skip42
\bibindent=\dimen102
)
(/usr/local/texlive/2014/texmf-dist/tex/latex/base/inputenc.sty
Package: inputenc 2014/04/30 v1.2b Input encoding file
\inpenc@prehook=\toks14
\inpenc@posthook=\toks15

(/usr/local/texlive/2014/texmf-dist/tex/latex/base/utf8.def
File: utf8.def 2008/04/05 v1.1m UTF-8 support for inputenc
Now handling font encoding OML ...
... no UTF-8 mapping file for font encoding OML
Now handling font encoding T1 ...
... processing UTF-8 mapping file for font encoding T1

(/usr/local/texlive/2014/texmf-dist/tex/latex/base/t1enc.dfu
File: t1enc.dfu 2008/04/05 v1.1m UTF-8 support for inputenc
   defining Unicode char U+00A1 (decimal 161)
   defining Unicode char U+00A3 (decimal 163)
   defining Unicode char U+00AB (decimal 171)
   defining Unicode char U+00BB (decimal 187)
   defining Unicode char U+00BF (decimal 191)
   defining Unicode char U+00C0 (decimal 192)
   defining Unicode char U+00C1 (decimal 193)
   defining Unicode char U+00C2 (decimal 194)
   defining Unicode char U+00C3 (decimal 195)
   defining Unicode char U+00C4 (decimal 196)
   defining Unicode char U+00C5 (decimal 197)
   defining Unicode char U+00C6 (decimal 198)
   defining Unicode char U+00C7 (decimal 199)
   defining Unicode char U+00C8 (decimal 200)
   defining Unicode char U+00C9 (decimal 201)
   defining Unicode char U+00CA (decimal 202)
   defining Unicode char U+00CB (decimal 203)
   defining Unicode char U+00CC (decimal 204)
   defining Unicode char U+00CD (decimal 205)
   defining Unicode char U+00CE (decimal 206)
   defining Unicode char U+00CF (decimal 207)
   defining Unicode char U+00D0 (decimal 208)
   defining Unicode char U+00D1 (decimal 209)
   defining Unicode char U+00D2 (decimal 210)
   defining Unicode char U+00D3 (decimal 211)
   defining Unicode char U+00D4 (decimal 212)
   defining Unicode char U+00D5 (decimal 213)
   defining Unicode char U+00D6 (decimal 214)
   defining Unicode char U+00D8 (decimal 216)
   defining Unicode char U+00D9 (decimal 217)
   defining Unicode char U+00DA (decimal 218)
   defining Unicode char U+00DB (decimal 219)
   defining Unicode char U+00DC (decimal 220)
   defining Unicode char U+00DD (decimal 221)
   defining Unicode char U+00DE (decimal 222)
   defining Unicode char U+00DF (decimal 223)
   defining Unicode char U+00E0 (decimal 224)
   defining Unicode char U+00E1 (decimal 225)
   defining Unicode char U+00E2 (decimal 226)
   defining Unicode char U+00E3 (decimal 227)
   defining Unicode char U+00E4 (decimal 228)
   defining Unicode char U+00E5 (decimal 229)
   defining Unicode char U+00E6 (decimal 230)
   defining Unicode char U+00E7 (decimal 231)
   defining Unicode char U+00E8 (decimal 232)
   defining Unicode char U+00E9 (decimal 233)
   defining Unicode char U+00EA (decimal 234)
   defining Unicode char U+00EB (decimal 235)
   defining Unicode char U+00EC (decimal 236)
   defining Unicode char U+00ED (decimal 237)
   defining Unicode char U+00EE (decimal 238)
   defining Unicode char U+00EF (decimal 239)
   defining Unicode char U+00F0 (decimal 240)
   defining Unicode char U+00F1 (decimal 241)
   defining Unicode char U+00F2 (decimal 242)
   defining Unicode char U+00F3 (decimal 243)
   defining Unicode char U+00F4 (decimal 244)
   defining Unicode char U+00F5 (decimal 245)
   defining Unicode char U+00F6 (decimal 246)
   defining Unicode char U+00F8 (decimal 248)
   defining Unicode char U+00F9 (decimal 249)
   defining Unicode char U+00FA (decimal 250)
   defining Unicode char U+00FB (decimal 251)
   defining Unicode char U+00FC (decimal 252)
   defining Unicode char U+00FD (decimal 253)
   defining Unicode char U+00FE (decimal 254)
   defining Unicode char U+00FF (decimal 255)
   defining Unicode char U+0102 (decimal 258)
   defining Unicode char U+0103 (decimal 259)
   defining Unicode char U+0104 (decimal 260)
   defining Unicode char U+0105 (decimal 261)
   defining Unicode char U+0106 (decimal 262)
   defining Unicode char U+0107 (decimal 263)
   defining Unicode char U+010C (decimal 268)
   defining Unicode char U+010D (decimal 269)
   defining Unicode char U+010E (decimal 270)
   defining Unicode char U+010F (decimal 271)
   defining Unicode char U+0110 (decimal 272)
   defining Unicode char U+0111 (decimal 273)
   defining Unicode char U+0118 (decimal 280)
   defining Unicode char U+0119 (decimal 281)
   defining Unicode char U+011A (decimal 282)
   defining Unicode char U+011B (decimal 283)
   defining Unicode char U+011E (decimal 286)
   defining Unicode char U+011F (decimal 287)
   defining Unicode char U+0130 (decimal 304)
   defining Unicode char U+0131 (decimal 305)
   defining Unicode char U+0132 (decimal 306)
   defining Unicode char U+0133 (decimal 307)
   defining Unicode char U+0139 (decimal 313)
   defining Unicode char U+013A (decimal 314)
   defining Unicode char U+013D (decimal 317)
   defining Unicode char U+013E (decimal 318)
   defining Unicode char U+0141 (decimal 321)
   defining Unicode char U+0142 (decimal 322)
   defining Unicode char U+0143 (decimal 323)
   defining Unicode char U+0144 (decimal 324)
   defining Unicode char U+0147 (decimal 327)
   defining Unicode char U+0148 (decimal 328)
   defining Unicode char U+014A (decimal 330)
   defining Unicode char U+014B (decimal 331)
   defining Unicode char U+0150 (decimal 336)
   defining Unicode char U+0151 (decimal 337)
   defining Unicode char U+0152 (decimal 338)
   defining Unicode char U+0153 (decimal 339)
   defining Unicode char U+0154 (decimal 340)
   defining Unicode char U+0155 (decimal 341)
   defining Unicode char U+0158 (decimal 344)
   defining Unicode char U+0159 (decimal 345)
   defining Unicode char U+015A (decimal 346)
   defining Unicode char U+015B (decimal 347)
   defining Unicode char U+015E (decimal 350)
   defining Unicode char U+015F (decimal 351)
   defining Unicode char U+0160 (decimal 352)
   defining Unicode char U+0161 (decimal 353)
   defining Unicode char U+0162 (decimal 354)
   defining Unicode char U+0163 (decimal 355)
   defining Unicode char U+0164 (decimal 356)
   defining Unicode char U+0165 (decimal 357)
   defining Unicode char U+016E (decimal 366)
   defining Unicode char U+016F (decimal 367)
   defining Unicode char U+0170 (decimal 368)
   defining Unicode char U+0171 (decimal 369)
   defining Unicode char U+0178 (decimal 376)
   defining Unicode char U+0179 (decimal 377)
   defining Unicode char U+017A (decimal 378)
   defining Unicode char U+017B (decimal 379)
   defining Unicode char U+017C (decimal 380)
   defining Unicode char U+017D (decimal 381)
   defining Unicode char U+017E (decimal 382)
   defining Unicode char U+200C (decimal 8204)
   defining Unicode char U+2013 (decimal 8211)
   defining Unicode char U+2014 (decimal 8212)
   defining Unicode char U+2018 (decimal 8216)
   defining Unicode char U+2019 (decimal 8217)
   defining Unicode char U+201A (decimal 8218)
   defining Unicode char U+201C (decimal 8220)
   defining Unicode char U+201D (decimal 8221)
   defining Unicode char U+201E (decimal 8222)
   defining Unicode char U+2030 (decimal 8240)
   defining Unicode char U+2031 (decimal 8241)
   defining Unicode char U+2039 (decimal 8249)
   defining Unicode char U+203A (decimal 8250)
   defining Unicode char U+2423 (decimal 9251)
)
Now handling font encoding OT1 ...
... processing UTF-8 mapping file for font encoding OT1

(/usr/local/texlive/2014/texmf-dist/tex/latex/base/ot1enc.dfu
File: ot1enc.dfu 2008/04/05 v1.1m UTF-8 support for inputenc
   defining Unicode char U+00A1 (decimal 161)
   defining Unicode char U+00A3 (decimal 163)
   defining Unicode char U+00B8 (decimal 184)
   defining Unicode char U+00BF (decimal 191)
   defining Unicode char U+00C5 (decimal 197)
   defining Unicode char U+00C6 (decimal 198)
   defining Unicode char U+00D8 (decimal 216)
   defining Unicode char U+00DF (decimal 223)
   defining Unicode char U+00E6 (decimal 230)
   defining Unicode char U+00EC (decimal 236)
   defining Unicode char U+00ED (decimal 237)
   defining Unicode char U+00EE (decimal 238)
   defining Unicode char U+00EF (decimal 239)
   defining Unicode char U+00F8 (decimal 248)
   defining Unicode char U+0131 (decimal 305)
   defining Unicode char U+0141 (decimal 321)
   defining Unicode char U+0142 (decimal 322)
   defining Unicode char U+0152 (decimal 338)
   defining Unicode char U+0153 (decimal 339)
   defining Unicode char U+2013 (decimal 8211)
   defining Unicode char U+2014 (decimal 8212)
   defining Unicode char U+2018 (decimal 8216)
   defining Unicode char U+2019 (decimal 8217)
   defining Unicode char U+201C (decimal 8220)
   defining Unicode char U+201D (decimal 8221)
)
Now handling font encoding OMS ...
... processing UTF-8 mapping file for font encoding OMS

(/usr/local/texlive/2014/texmf-dist/tex/latex/base/omsenc.dfu
File: omsenc.dfu 2008/04/05 v1.1m UTF-8 support for inputenc
   defining Unicode char U+00A7 (decimal 167)
   defining Unicode char U+00B6 (decimal 182)
   defining Unicode char U+00B7 (decimal 183)
   defining Unicode char U+2020 (decimal 8224)
   defining Unicode char U+2021 (decimal 8225)
   defining Unicode char U+2022 (decimal 8226)
)
Now handling font encoding OMX ...
... no UTF-8 mapping file for font encoding OMX
Now handling font encoding U ...
... no UTF-8 mapping file for font encoding U
   defining Unicode char U+00A9 (decimal 169)
   defining Unicode char U+00AA (decimal 170)
   defining Unicode char U+00AE (decimal 174)
   defining Unicode char U+00BA (decimal 186)
   defining Unicode char U+02C6 (decimal 710)
   defining Unicode char U+02DC (decimal 732)
   defining Unicode char U+200C (decimal 8204)
   defining Unicode char U+2026 (decimal 8230)
   defining Unicode char U+2122 (decimal 8482)
   defining Unicode char U+2423 (decimal 9251)
))
(/usr/local/texlive/2014/texmf-dist/tex/generic/babel/babel.sty
Package: babel 2014/03/24 3.9k The Babel package

(/usr/local/texlive/2014/texmf-dist/tex/generic/babel-english/english.ldf
Language: english 2012/08/20 v3.3p English support from the babel system

(/usr/local/texlive/2014/texmf-dist/tex/generic/babel/babel.def
File: babel.def 2014/03/24 3.9k Babel common definitions
\babel@savecnt=\count88
\U@D=\dimen103
)
\l@canadian = a dialect from \language\l@american 
\l@australian = a dialect from \language\l@british 
\l@newzealand = a dialect from \language\l@british 
))
(/usr/local/texlive/2014/texmf-dist/tex/latex/amsfonts/euscript.sty
Package: euscript 2009/06/22 v3.00 Euler Script fonts
LaTeX Font Info:    Overwriting math alphabet `\EuScript' in version `bold'
(Font)                  U/eus/m/n --> U/eus/b/n on input line 33.
)
(/usr/local/texlive/2014/texmf-dist/tex/latex/epigraph/epigraph.sty
Package: epigraph 2009/09/02 v1.5c typesetting epigraphs
\beforeepigraphskip=\skip43
\afterepigraphskip=\skip44
\epigraphwidth=\skip45
\epigraphrule=\skip46
)
(/usr/local/texlive/2014/texmf-dist/tex/latex/graphics/graphicx.sty
Package: graphicx 2014/04/25 v1.0g Enhanced LaTeX Graphics (DPC,SPQR)

(/usr/local/texlive/2014/texmf-dist/tex/latex/graphics/keyval.sty
Package: keyval 2014/05/08 v1.15 key=value parser (DPC)
\KV@toks@=\toks16
)
(/usr/local/texlive/2014/texmf-dist/tex/latex/graphics/graphics.sty
Package: graphics 2009/02/05 v1.0o Standard LaTeX Graphics (DPC,SPQR)

(/usr/local/texlive/2014/texmf-dist/tex/latex/graphics/trig.sty
Package: trig 1999/03/16 v1.09 sin cos tan (DPC)
)
(/usr/local/texlive/2014/texmf-dist/tex/latex/latexconfig/graphics.cfg
File: graphics.cfg 2010/04/23 v1.9 graphics configuration of TeX Live
)
Package graphics Info: Driver file: pdftex.def on input line 91.

(/usr/local/texlive/2014/texmf-dist/tex/latex/pdftex-def/pdftex.def
File: pdftex.def 2011/05/27 v0.06d Graphics/color for pdfTeX

(/usr/local/texlive/2014/texmf-dist/tex/generic/oberdiek/infwarerr.sty
Package: infwarerr 2010/04/08 v1.3 Providing info/warning/error messages (HO)
)
(/usr/local/texlive/2014/texmf-dist/tex/generic/oberdiek/ltxcmds.sty
Package: ltxcmds 2011/11/09 v1.22 LaTeX kernel commands for general use (HO)
)
\Gread@gobject=\count89
))
\Gin@req@height=\dimen104
\Gin@req@width=\dimen105
)
(/usr/local/texlive/2014/texmf-dist/tex/latex/amsmath/amsmath.sty
Package: amsmath 2013/01/14 v2.14 AMS math features
\@mathmargin=\skip47

For additional information on amsmath, use the `?' option.
(/usr/local/texlive/2014/texmf-dist/tex/latex/amsmath/amstext.sty
Package: amstext 2000/06/29 v2.01

(/usr/local/texlive/2014/texmf-dist/tex/latex/amsmath/amsgen.sty
File: amsgen.sty 1999/11/30 v2.0
\@emptytoks=\toks17
\ex@=\dimen106
))
(/usr/local/texlive/2014/texmf-dist/tex/latex/amsmath/amsbsy.sty
Package: amsbsy 1999/11/29 v1.2d
\pmbraise@=\dimen107
)
(/usr/local/texlive/2014/texmf-dist/tex/latex/amsmath/amsopn.sty
Package: amsopn 1999/12/14 v2.01 operator names
)
\inf@bad=\count90
LaTeX Info: Redefining \frac on input line 210.
\uproot@=\count91
\leftroot@=\count92
LaTeX Info: Redefining \overline on input line 306.
\classnum@=\count93
\DOTSCASE@=\count94
LaTeX Info: Redefining \ldots on input line 378.
LaTeX Info: Redefining \dots on input line 381.
LaTeX Info: Redefining \cdots on input line 466.
\Mathstrutbox@=\box26
\strutbox@=\box27
\big@size=\dimen108
LaTeX Font Info:    Redeclaring font encoding OML on input line 566.
LaTeX Font Info:    Redeclaring font encoding OMS on input line 567.
\macc@depth=\count95
\c@MaxMatrixCols=\count96
\dotsspace@=\muskip10
\c@parentequation=\count97
\dspbrk@lvl=\count98
\tag@help=\toks18
\row@=\count99
\column@=\count100
\maxfields@=\count101
\andhelp@=\toks19
\eqnshift@=\dimen109
\alignsep@=\dimen110
\tagshift@=\dimen111
\tagwidth@=\dimen112
\totwidth@=\dimen113
\lineht@=\dimen114
\@envbody=\toks20
\multlinegap=\skip48
\multlinetaggap=\skip49
\mathdisplay@stack=\toks21
LaTeX Info: Redefining \[ on input line 2665.
LaTeX Info: Redefining \] on input line 2666.
)
(/usr/local/texlive/2014/texmf-dist/tex/latex/amsfonts/amssymb.sty
Package: amssymb 2013/01/14 v3.01 AMS font symbols

(/usr/local/texlive/2014/texmf-dist/tex/latex/amsfonts/amsfonts.sty
Package: amsfonts 2013/01/14 v3.01 Basic AMSFonts support
\symAMSa=\mathgroup4
\symAMSb=\mathgroup5
LaTeX Font Info:    Overwriting math alphabet `\mathfrak' in version `bold'
(Font)                  U/euf/m/n --> U/euf/b/n on input line 106.
))
(/usr/local/texlive/2014/texmf-dist/tex/latex/amscls/amsthm.sty
Package: amsthm 2004/08/06 v2.20
\thm@style=\toks22
\thm@bodyfont=\toks23
\thm@headfont=\toks24
\thm@notefont=\toks25
\thm@headpunct=\toks26
\thm@preskip=\skip50
\thm@postskip=\skip51
\thm@headsep=\skip52
\dth@everypar=\toks27
)
(/usr/local/texlive/2014/texmf-dist/tex/latex/fancyhdr/fancyhdr.sty
\fancy@headwidth=\skip53
\f@ncyO@elh=\skip54
\f@ncyO@erh=\skip55
\f@ncyO@olh=\skip56
\f@ncyO@orh=\skip57
\f@ncyO@elf=\skip58
\f@ncyO@erf=\skip59
\f@ncyO@olf=\skip60
\f@ncyO@orf=\skip61
)
(/usr/local/texlive/2014/texmf-dist/tex/generic/pictex/pictexwd.sty
(/usr/local/texlive/2014/texmf-dist/tex/generic/pictex/prepictex.tex)
(/usr/local/texlive/2014/texmf-dist/tex/generic/pictex/pictexwd.tex)
(/usr/local/texlive/2014/texmf-dist/tex/generic/pictex/postpictex.tex)
(/usr/local/texlive/2014/texmf-dist/tex/generic/pictex/picmore.tex)
(/usr/local/texlive/2014/texmf-dist/tex/generic/pictex/piccorr.sty))
(/usr/local/texlive/2014/texmf-dist/tex/generic/dcpic/dcpic.sty
Package DCpic 2013/05/01 v5.0
Package: dcpic 2013/05/01 v5.0
\aux=\count117
\auxa=\count118
\auxb=\count119
\xO=\count120
\yO=\count121
\xl=\count122
\yl=\count123
\deuc=\count124
\dnm=\count125
\xa=\count126
\xb=\count127
\xmed=\count128
\xc=\count129
\xd=\count130
\xe=\count131
\xf=\count132
\ya=\count133
\yb=\count134
\ymed=\count135
\yc=\count136
\yd=\count137
\ye=\count138
\yf=\count139
\expansao=\count140
\tipografo=\count141
\distanciaobjmor=\count142
\tipoarco=\count143
\caixa=\box34
\caixaaux=\box35
\xaux=\count144
\yaux=\count145
\guardaauxa=\count146
\alt=\count147
\larg=\count148
\prof=\count149
\auxqx=\count150
\auxqy=\count151
) (/usr/local/texlive/2014/texmf-dist/tex/latex/wrapfig/wrapfig.sty
\wrapoverhang=\dimen192
\WF@size=\dimen193
\c@WF@wrappedlines=\count152
\WF@box=\box36
\WF@everypar=\toks31
Package: wrapfig 2003/01/31  v 3.6
)
\c@definition=\count153
\c@example=\count154
\c@lemma=\count155
\c@observation=\count156
\c@theorem=\count157
\c@prop=\count158
\c@algorithm=\count159

(/usr/local/texlive/2014/texmf-dist/tex/latex/hyperref/hyperref.sty
Package: hyperref 2012/11/06 v6.83m Hypertext links for LaTeX

(/usr/local/texlive/2014/texmf-dist/tex/generic/oberdiek/hobsub-hyperref.sty
Package: hobsub-hyperref 2012/05/28 v1.13 Bundle oberdiek, subset hyperref (HO)


(/usr/local/texlive/2014/texmf-dist/tex/generic/oberdiek/hobsub-generic.sty
Package: hobsub-generic 2012/05/28 v1.13 Bundle oberdiek, subset generic (HO)
Package: hobsub 2012/05/28 v1.13 Construct package bundles (HO)
Package hobsub Info: Skipping package `infwarerr' (already loaded).
Package hobsub Info: Skipping package `ltxcmds' (already loaded).
Package: ifluatex 2010/03/01 v1.3 Provides the ifluatex switch (HO)
Package ifluatex Info: LuaTeX not detected.
Package: ifvtex 2010/03/01 v1.5 Detect VTeX and its facilities (HO)
Package ifvtex Info: VTeX not detected.
Package: intcalc 2007/09/27 v1.1 Expandable calculations with integers (HO)
Package: ifpdf 2011/01/30 v2.3 Provides the ifpdf switch (HO)
Package ifpdf Info: pdfTeX in PDF mode is detected.
Package: etexcmds 2011/02/16 v1.5 Avoid name clashes with e-TeX commands (HO)
Package etexcmds Info: Could not find \expanded.
(etexcmds)             That can mean that you are not using pdfTeX 1.50 or
(etexcmds)             that some package has redefined \expanded.
(etexcmds)             In the latter case, load this package earlier.
Package: kvsetkeys 2012/04/25 v1.16 Key value parser (HO)
Package: kvdefinekeys 2011/04/07 v1.3 Define keys (HO)
Package: pdftexcmds 2011/11/29 v0.20 Utility functions of pdfTeX for LuaTeX (HO
)
Package pdftexcmds Info: LuaTeX not detected.
Package pdftexcmds Info: \pdf@primitive is available.
Package pdftexcmds Info: \pdf@ifprimitive is available.
Package pdftexcmds Info: \pdfdraftmode found.
Package: pdfescape 2011/11/25 v1.13 Implements pdfTeX's escape features (HO)
Package: bigintcalc 2012/04/08 v1.3 Expandable calculations on big integers (HO
)
Package: bitset 2011/01/30 v1.1 Handle bit-vector datatype (HO)
Package: uniquecounter 2011/01/30 v1.2 Provide unlimited unique counter (HO)
)
Package hobsub Info: Skipping package `hobsub' (already loaded).
Package: letltxmacro 2010/09/02 v1.4 Let assignment for LaTeX macros (HO)
Package: hopatch 2012/05/28 v1.2 Wrapper for package hooks (HO)
Package: xcolor-patch 2011/01/30 xcolor patch
Package: atveryend 2011/06/30 v1.8 Hooks at the very end of document (HO)
Package atveryend Info: \enddocument detected (standard20110627).
Package: atbegshi 2011/10/05 v1.16 At begin shipout hook (HO)
Package: refcount 2011/10/16 v3.4 Data extraction from label references (HO)
Package: hycolor 2011/01/30 v1.7 Color options for hyperref/bookmark (HO)
)
(/usr/local/texlive/2014/texmf-dist/tex/generic/ifxetex/ifxetex.sty
Package: ifxetex 2010/09/12 v0.6 Provides ifxetex conditional
)
(/usr/local/texlive/2014/texmf-dist/tex/latex/oberdiek/auxhook.sty
Package: auxhook 2011/03/04 v1.3 Hooks for auxiliary files (HO)
)
(/usr/local/texlive/2014/texmf-dist/tex/latex/oberdiek/kvoptions.sty
Package: kvoptions 2011/06/30 v3.11 Key value format for package options (HO)
)
\@linkdim=\dimen194
\Hy@linkcounter=\count160
\Hy@pagecounter=\count161

(/usr/local/texlive/2014/texmf-dist/tex/latex/hyperref/pd1enc.def
File: pd1enc.def 2012/11/06 v6.83m Hyperref: PDFDocEncoding definition (HO)
Now handling font encoding PD1 ...
... no UTF-8 mapping file for font encoding PD1
)
\Hy@SavedSpaceFactor=\count162

(/usr/local/texlive/2014/texmf-dist/tex/latex/latexconfig/hyperref.cfg
File: hyperref.cfg 2002/06/06 v1.2 hyperref configuration of TeXLive
)
Package hyperref Info: Hyper figures OFF on input line 4443.
Package hyperref Info: Link nesting OFF on input line 4448.
Package hyperref Info: Hyper index ON on input line 4451.
Package hyperref Info: Plain pages OFF on input line 4458.
Package hyperref Info: Backreferencing OFF on input line 4463.
Package hyperref Info: Implicit mode ON; LaTeX internals redefined.
Package hyperref Info: Bookmarks ON on input line 4688.
\c@Hy@tempcnt=\count163

(/usr/local/texlive/2014/texmf-dist/tex/latex/url/url.sty
\Urlmuskip=\muskip11
Package: url 2013/09/16  ver 3.4  Verb mode for urls, etc.
)
LaTeX Info: Redefining \url on input line 5041.
\XeTeXLinkMargin=\dimen195
\Fld@menulength=\count164
\Field@Width=\dimen196
\Fld@charsize=\dimen197
Package hyperref Info: Hyper figures OFF on input line 6295.
Package hyperref Info: Link nesting OFF on input line 6300.
Package hyperref Info: Hyper index ON on input line 6303.
Package hyperref Info: backreferencing OFF on input line 6310.
Package hyperref Info: Link coloring OFF on input line 6315.
Package hyperref Info: Link coloring with OCG OFF on input line 6320.
Package hyperref Info: PDF/A mode OFF on input line 6325.
LaTeX Info: Redefining \ref on input line 6365.
LaTeX Info: Redefining \pageref on input line 6369.
\Hy@abspage=\count165
\c@Item=\count166
\c@Hfootnote=\count167
)

Package hyperref Message: Driver (autodetected): hpdftex.

(/usr/local/texlive/2014/texmf-dist/tex/latex/hyperref/hpdftex.def
File: hpdftex.def 2012/11/06 v6.83m Hyperref driver for pdfTeX
\Fld@listcount=\count168
\c@bookmark@seq@number=\count169

(/usr/local/texlive/2014/texmf-dist/tex/latex/oberdiek/rerunfilecheck.sty
Package: rerunfilecheck 2011/04/15 v1.7 Rerun checks for auxiliary files (HO)
Package uniquecounter Info: New unique counter `rerunfilecheck' on input line 2
82.
)
\Hy@SectionHShift=\skip88
)

Package hyperref Warning: Unexpected value for option `hidelinks'
(hyperref)                is ignored on input line 62.

(./main.aux (./frontback/Preamble.aux) (./chapters/Ch_introduction.aux)
(./chapters/Ch_tools.aux) (./chapters/Ch_spatial_transformations.aux)
(./chapters/Ch_log_computations.aux) (./chapters/Ch_results.aux)
(./chapters/Ch_conclusions.aux))
\openout1 = `main.aux'.

LaTeX Font Info:    Checking defaults for OML/cmm/m/it on input line 64.
LaTeX Font Info:    ... okay on input line 64.
LaTeX Font Info:    Checking defaults for T1/cmr/m/n on input line 64.
LaTeX Font Info:    ... okay on input line 64.
LaTeX Font Info:    Checking defaults for OT1/cmr/m/n on input line 64.
LaTeX Font Info:    ... okay on input line 64.
LaTeX Font Info:    Checking defaults for OMS/cmsy/m/n on input line 64.
LaTeX Font Info:    ... okay on input line 64.
LaTeX Font Info:    Checking defaults for OMX/cmex/m/n on input line 64.
LaTeX Font Info:    ... okay on input line 64.
LaTeX Font Info:    Checking defaults for U/cmr/m/n on input line 64.
LaTeX Font Info:    ... okay on input line 64.
LaTeX Font Info:    Checking defaults for PD1/pdf/m/n on input line 64.
LaTeX Font Info:    ... okay on input line 64.

(/usr/local/texlive/2014/texmf-dist/tex/context/base/supp-pdf.mkii
[Loading MPS to PDF converter (version 2006.09.02).]
\scratchcounter=\count170
\scratchdimen=\dimen198
\scratchbox=\box37
\nofMPsegments=\count171
\nofMParguments=\count172
\everyMPshowfont=\toks32
\MPscratchCnt=\count173
\MPscratchDim=\dimen199
\MPnumerator=\count174
\makeMPintoPDFobject=\count175
\everyMPtoPDFconversion=\toks33
) (/usr/local/texlive/2014/texmf-dist/tex/latex/oberdiek/epstopdf-base.sty
Package: epstopdf-base 2010/02/09 v2.5 Base part for package epstopdf

(/usr/local/texlive/2014/texmf-dist/tex/latex/oberdiek/grfext.sty
Package: grfext 2010/08/19 v1.1 Manage graphics extensions (HO)
)
Package grfext Info: Graphics extension search list:
(grfext)             [.png,.pdf,.jpg,.mps,.jpeg,.jbig2,.jb2,.PNG,.PDF,.JPG,.JPE
G,.JBIG2,.JB2,.eps]
(grfext)             \AppendGraphicsExtensions on input line 452.

(/usr/local/texlive/2014/texmf-dist/tex/latex/latexconfig/epstopdf-sys.cfg
File: epstopdf-sys.cfg 2010/07/13 v1.3 Configuration of (r)epstopdf for TeX Liv
e
))
\AtBeginShipoutBox=\box38
Package hyperref Info: Link coloring OFF on input line 64.

(/usr/local/texlive/2014/texmf-dist/tex/latex/hyperref/nameref.sty
Package: nameref 2012/10/27 v2.43 Cross-referencing by name of section

(/usr/local/texlive/2014/texmf-dist/tex/generic/oberdiek/gettitlestring.sty
Package: gettitlestring 2010/12/03 v1.4 Cleanup title references (HO)
)
\c@section@level=\count176
)
LaTeX Info: Redefining \ref on input line 64.
LaTeX Info: Redefining \pageref on input line 64.
LaTeX Info: Redefining \nameref on input line 64.

(./main.out) (./main.out)
\@outlinefile=\write4
\openout4 = `main.out'.


<figures/UCL-logo3.pdf, id=188, 838.75516pt x 245.29291pt>
File: figures/UCL-logo3.pdf Graphic file (type pdf)

<use figures/UCL-logo3.pdf>
Package pdftex.def Info: figures/UCL-logo3.pdf used on input line 85.
(pdftex.def)             Requested size: 838.7531pt x 245.2923pt.

Overfull \hbox (94.47559pt too wide) in paragraph at lines 82--87
[]  [] 
 []

LaTeX Font Info:    Try loading font information for U+msa on input line 132.
(/usr/local/texlive/2014/texmf-dist/tex/latex/amsfonts/umsa.fd
File: umsa.fd 2013/01/14 v3.01 AMS symbols A
)
LaTeX Font Info:    Try loading font information for U+msb on input line 132.

(/usr/local/texlive/2014/texmf-dist/tex/latex/amsfonts/umsb.fd
File: umsb.fd 2013/01/14 v3.01 AMS symbols B
) [1


{/usr/local/texlive/2014/texmf-var/fonts/map/pdftex/updmap/pdftex.map} <./figur
es/UCL-logo3.pdf>]
\openout2 = `frontback/Preamble.aux'.

 (./frontback/Preamble.tex [2

] [3] [4]) (./main.toc
LaTeX Font Info:    Try loading font information for U+euf on input line 19.

(/usr/local/texlive/2014/texmf-dist/tex/latex/amsfonts/ueuf.fd
File: ueuf.fd 2013/01/14 v3.01 Euler Fraktur
) [1


])
\tf@toc=\write5
\openout5 = `main.toc'.

 [2]
\openout2 = `chapters/Ch_introduction.aux'.


(./chapters/Ch_introduction.tex
Chapter 1.
pdfTeX warning (ext4): destination with the same identifier (name{page.1}) has 
been already used, duplicate ignored
<to be read again> 
                   \relax 
l.29 
      [1


] <figures/log_composition.pdf, id=324, 1250.6725pt x 800.9925pt>
File: figures/log_composition.pdf Graphic file (type pdf)

<use figures/log_composition.pdf>
Package pdftex.def Info: figures/log_composition.pdf used on input line 55.
(pdftex.def)             Requested size: 437.74194pt x 280.35156pt.

Overfull \hbox (37.74194pt too wide) in paragraph at lines 55--56
 [][] 
 []


Overfull \hbox (19.47305pt too wide) in paragraph at lines 64--65
[]\OT1/cmr/m/n/10 The an-a-lytic so-lu-tion to the Lie log-composition is pro-v
ided by the Baker{Campbell{Hausdorff
 []

pdfTeX warning (ext4): destination with the same identifier (name{page.2}) has 
been already used, duplicate ignored
<to be read again> 
                   \relax 
l.77 
      [2]
Overfull \hbox (5.85289pt too wide) in paragraph at lines 85--85
[]\OT1/cmr/bx/n/14.4 Feasible Ap-pli-ca-tions of the Log-composition in Med-
 []

pdfTeX warning (ext4): destination with the same identifier (name{page.3}) has 
been already used, duplicate ignored
<to be read again> 
                   \relax 
l.89 T
      he Lie log-composition has been defined in this chapter from the probl...
[3 <./figures/log_composition.pdf>]pdfTeX warning (ext4): destination with the 
same identifier (name{page.4}) has been already used, duplicate ignored
<to be read again> 
                   \relax 
l.115 
       [4]) [5]
\openout2 = `chapters/Ch_tools.aux'.

 (./chapters/Ch_tools.tex [6



]
Chapter 2.
[7]

Package Fancyhdr Warning: \headheight is too small (12.0pt): 
 Make it at least 22.43335pt.
 We now make it that large for the rest of the document.
 This may cause the page layout to be inconsistent, however.

[8] [9]
Underfull \hbox (badness 10000) in paragraph at lines 185--187

 []

[10] <figures/inversion_1.pdf, id=510, 1074.0125pt x 673.51625pt>
File: figures/inversion_1.pdf Graphic file (type pdf)

<use figures/inversion_1.pdf>
Package pdftex.def Info: figures/inversion_1.pdf used on input line 225.
(pdftex.def)             Requested size: 170.71652pt x 107.05568pt.

<figures/inversion_2.pdf, id=511, 1074.0125pt x 682.55pt>
File: figures/inversion_2.pdf Graphic file (type pdf)

<use figures/inversion_2.pdf>
Package pdftex.def Info: figures/inversion_2.pdf used on input line 232.
(pdftex.def)             Requested size: 170.71652pt x 108.49161pt.

Overfull \hbox (56.9055pt too wide) in paragraph at lines 232--233
 [][] 
 []

[11 <./figures/inversion_1.pdf> <./figures/inversion_2.pdf>] [12]
<figures/theorem_pict.pdf, id=559, 720.6925pt x 657.45625pt>
File: figures/theorem_pict.pdf Graphic file (type pdf)

<use figures/theorem_pict.pdf>
Package pdftex.def Info: figures/theorem_pict.pdf used on input line 352.
(pdftex.def)             Requested size: 241.84842pt x 220.6229pt.
 [13] [14 <./figures/theorem_pict.pdf>]
Overfull \hbox (1.75455pt too wide) in paragraph at lines 437--437
[]\OT1/cmr/bx/n/14.4 Numerical Com-pu-ta-tions of the Lie Log-composition 
 []

[15] [16]
<figures/u_plus_v_parallel_transported.pdf, id=609, 765.86125pt x 578.16pt>
File: figures/u_plus_v_parallel_transported.pdf Graphic file (type pdf)

<use figures/u_plus_v_parallel_transported.pdf>
Package pdftex.def Info: figures/u_plus_v_parallel_transported.pdf used on inpu
t line 574.
(pdftex.def)             Requested size: 184.9429pt x 139.60814pt.
) [17 <./figures/u_plus_v_parallel_transported.pdf>]
\openout2 = `chapters/Ch_spatial_transformations.aux'.

 (./chapters/Ch_spatial_transformations.tex [18



]
Chapter 3.

Package hyperref Warning: Token not allowed in a PDF string (PDFDocEncoding):
(hyperref)                removing `math shift' on input line 1.


Package hyperref Warning: Token not allowed in a PDF string (PDFDocEncoding):
(hyperref)                removing `math shift' on input line 1.


Package hyperref Warning: Token not allowed in a PDF string (PDFDocEncoding):
(hyperref)                removing `math shift' on input line 1.


Package hyperref Warning: Token not allowed in a PDF string (PDFDocEncoding):
(hyperref)                removing `\Omega' on input line 1.


Package hyperref Warning: Token not allowed in a PDF string (PDFDocEncoding):
(hyperref)                removing `math shift' on input line 1.

[19] <figures/exp_se2.pdf, id=647, 1247.66125pt x 799.98875pt>
File: figures/exp_se2.pdf Graphic file (type pdf)

<use figures/exp_se2.pdf>
Package pdftex.def Info: figures/exp_se2.pdf used on input line 200.
(pdftex.def)             Requested size: 436.68797pt x 280.00026pt.

Overfull \hbox (36.68797pt too wide) in paragraph at lines 200--201
 [][] 
 []

[20]
Underfull \vbox (badness 10000) has occurred while \output is active []

 [21 <./figures/exp_se2.pdf>]

Package hyperref Warning: Token not allowed in a PDF string (PDFDocEncoding):
(hyperref)                removing `math shift' on input line 247.


Package hyperref Warning: Token not allowed in a PDF string (PDFDocEncoding):
(hyperref)                removing `math shift' on input line 247.


Overfull \hbox (8.75134pt too wide) in paragraph at lines 258--258
[] 
 []

[22]
Overfull \hbox (0.14778pt too wide) in paragraph at lines 330--332
\OT1/cmr/m/n/10 We can split it in two part, the ro-ta-tional part $\OML/cmm/m/
it/10 dR\OT1/cmr/m/n/10 (\OML/cmm/m/it/10 ^^R\OT1/cmr/m/n/10 )[]$ and the trans
-la-tional part $\OML/cmm/m/it/10 dR\OT1/cmr/m/n/10 (\OML/cmm/m/it/10 ^^R\OT1/c
mr/m/n/10 )[]\OML/cmm/m/it/10 dt[]$\OT1/cmr/m/n/10 .
 []

[23]
<figures/se2_circular_vector_field.pdf, id=691, 780.51598pt x 346.89601pt>
File: figures/se2_circular_vector_field.pdf Graphic file (type pdf)

<use figures/se2_circular_vector_field.pdf>
Package pdftex.def Info: figures/se2_circular_vector_field.pdf used on input li
ne 440.
(pdftex.def)             Requested size: 468.3132pt x 208.1392pt.

Overfull \hbox (27.8563pt too wide) in paragraph at lines 439--441
[]  [] 
 []

[24 <./figures/se2_circular_vector_field.pdf>] [25] [26]
<figures/exp_versus_v.pdf, id=783, 762.85pt x 577.15625pt>
File: figures/exp_versus_v.pdf Graphic file (type pdf)

<use figures/exp_versus_v.pdf>
Package pdftex.def Info: figures/exp_versus_v.pdf used on input line 559.
(pdftex.def)             Requested size: 190.71204pt x 144.2887pt.
 [27 <./figures/exp_versus_v.pdf>]
Overfull \hbox (5.47281pt too wide) in paragraph at lines 621--622
[]\OT1/cmr/m/n/10 The data struc-ture uti-lized to store im-ages, as well as di
s-place-ment fields, is a 5-dimensional
 []

[28]) [29]
\openout2 = `chapters/Ch_log_computations.aux'.

 (./chapters/Ch_log_computations.tex [30



]
Chapter 4.
[31] [32] [33]) [34]
\openout2 = `chapters/Ch_results.aux'.

 (./chapters/Ch_results.tex
Chapter 5.

Package hyperref Warning: Token not allowed in a PDF string (PDFDocEncoding):
(hyperref)                removing `math shift' on input line 21.


Package hyperref Warning: Token not allowed in a PDF string (PDFDocEncoding):
(hyperref)                removing `math shift' on input line 21.

<figures/se2_image_scale.pdf, id=876, 1011.78pt x 578.16pt>
File: figures/se2_image_scale.pdf Graphic file (type pdf)

<use figures/se2_image_scale.pdf>
Package pdftex.def Info: figures/se2_image_scale.pdf used on input line 33.
(pdftex.def)             Requested size: 505.88876pt x 289.07928pt.

Overfull \hbox (71.12231pt too wide) in paragraph at lines 32--38
[]  [] 
 []

[35



] <figures/se2_boxplot.pdf, id=890, 867.24pt x 505.89pt>
File: figures/se2_boxplot.pdf Graphic file (type pdf)

<use figures/se2_boxplot.pdf>
Package pdftex.def Info: figures/se2_boxplot.pdf used on input line 79.
(pdftex.def)             Requested size: 442.28656pt x 258.00047pt.

Overfull \hbox (16.05603pt too wide) in paragraph at lines 78--80
[]  [] 
 []

[36 <./figures/se2_image_scale.pdf>]
<figures/svf_gaussian_smoothing_effects.pdf, id=985, 599.84097pt x 375.804pt>
File: figures/svf_gaussian_smoothing_effects.pdf Graphic file (type pdf)

<use figures/svf_gaussian_smoothing_effects.pdf>
Package pdftex.def Info: figures/svf_gaussian_smoothing_effects.pdf used on inp
ut line 91.
(pdftex.def)             Requested size: 419.8858pt x 263.061pt.

Overfull \hbox (19.8858pt too wide) in paragraph at lines 91--92
[][] 
 []

[37 <./figures/se2_boxplot.pdf>]
<figures/SVF_sigma_means_comparisons.pdf, id=1080, 881.69403pt x 375.804pt>
File: figures/SVF_sigma_means_comparisons.pdf Graphic file (type pdf)

<use figures/SVF_sigma_means_comparisons.pdf>
Package pdftex.def Info: figures/SVF_sigma_means_comparisons.pdf used on input 
line 114.
(pdftex.def)             Requested size: 449.658pt x 191.6575pt.

Overfull \hbox (23.42747pt too wide) in paragraph at lines 113--117
[]  [] 
 []

[38 <./figures/svf_gaussian_smoothing_effects.pdf>] [39 <./figures/SVF_sigma_me
ans_comparisons.pdf>]
<figures/SVF_image_scale.pdf, id=1210, 939.51pt x 245.718pt>
File: figures/SVF_image_scale.pdf Graphic file (type pdf)

<use figures/SVF_image_scale.pdf>
Package pdftex.def Info: figures/SVF_image_scale.pdf used on input line 177.
(pdftex.def)             Requested size: 516.7321pt x 135.14531pt.

Overfull \hbox (59.20337pt too wide) in paragraph at lines 176--179
[]  [] 
 []

<figures/SVF_scatter_plot.pdf, id=1221, 794.97pt x 361.35pt>
File: figures/SVF_scatter_plot.pdf Graphic file (type pdf)

<use figures/SVF_scatter_plot.pdf>
Package pdftex.def Info: figures/SVF_scatter_plot.pdf used on input line 185.
(pdftex.def)             Requested size: 476.98569pt x 216.81168pt.

Overfull \hbox (36.52878pt too wide) in paragraph at lines 184--186
[]  [] 
 []

[40 <./figures/SVF_image_scale.pdf>]
<figures/SVF_image_scale_bracket_versus_gaussian.pdf, id=1309, 722.7pt x 325.21
5pt>
File: figures/SVF_image_scale_bracket_versus_gaussian.pdf Graphic file (type pd
f)
 <use figures/SVF_image_scale_bracket_versus_gaussian.pdf>
Package pdftex.def Info: figures/SVF_image_scale_bracket_versus_gaussian.pdf us
ed on input line 231.
(pdftex.def)             Requested size: 361.3491pt x 162.6071pt.

<figures/SVF_boxplot_comparisons_BCH.pdf, id=1310, 867.24pt x 505.89pt>
File: figures/SVF_boxplot_comparisons_BCH.pdf Graphic file (type pdf)

<use figures/SVF_boxplot_comparisons_BCH.pdf>
Package pdftex.def Info: figures/SVF_boxplot_comparisons_BCH.pdf used on input 
line 238.
(pdftex.def)             Requested size: 433.61894pt x 252.94437pt.

Overfull \hbox (21.61479pt too wide) in paragraph at lines 237--239
[]  [] 
 []

[41 <./figures/SVF_scatter_plot.pdf>]

LaTeX Warning: Text page 42 contains only floats.


Overfull \vbox (2.41255pt too high) has occurred while \output is active []


[42 <./figures/SVF_image_scale_bracket_versus_gaussian.pdf> <./figures/SVF_boxp
lot_comparisons_BCH.pdf

pdfTeX warning: /usr/texbin/pdflatex (file ./figures/SVF_boxplot_comparisons_BC
H.pdf): PDF inclusion: multiple pdfs with page group included in a single page
>] <figures/three_brains_problem.pdf, id=1515, 1200.485pt x 610.28pt>
File: figures/three_brains_problem.pdf Graphic file (type pdf)

<use figures/three_brains_problem.pdf>
Package pdftex.def Info: figures/three_brains_problem.pdf used on input line 27
3.
(pdftex.def)             Requested size: 300.12051pt x 152.56963pt.

<figures/svf_log_composition_real_data_CTL_expo.pdf, id=1520, 867.24pt x 281.85
298pt>
File: figures/svf_log_composition_real_data_CTL_expo.pdf Graphic file (type pdf
)
 <use figures/svf_log_composition_real_data_CTL_expo.pdf>
Package pdftex.def Info: figures/svf_log_composition_real_data_CTL_expo.pdf use
d on input line 282.
(pdftex.def)             Requested size: 459.63503pt x 149.38136pt.

Overfull \hbox (33.4045pt too wide) in paragraph at lines 281--283
[]  [] 
 []

[43 <./figures/three_brains_problem.pdf>] [44 <./figures/svf_log_composition_re
al_data_CTL_expo.pdf>]
<figures/log_computation_boxplot.pdf, id=1627, 867.24pt x 505.89pt>
File: figures/log_computation_boxplot.pdf Graphic file (type pdf)

<use figures/log_computation_boxplot.pdf>
Package pdftex.def Info: figures/log_computation_boxplot.pdf used on input line
 355.
(pdftex.def)             Requested size: 416.27048pt x 242.82443pt.

Overfull \hbox (16.27048pt too wide) in paragraph at lines 355--356
 [][] 
 []


Package hyperref Warning: Token not allowed in a PDF string (PDFDocEncoding):
(hyperref)                removing `math shift' on input line 363.


Package hyperref Warning: Token not allowed in a PDF string (PDFDocEncoding):
(hyperref)                removing `math shift' on input line 363.

[45 <./figures/log_computation_boxplot.pdf>]
<figures/svf_computational_time.pdf, id=1704, 578.16pt x 397.485pt>
File: figures/svf_computational_time.pdf Graphic file (type pdf)

<use figures/svf_computational_time.pdf>
Package pdftex.def Info: figures/svf_computational_time.pdf used on input line 
374.
(pdftex.def)             Requested size: 346.89867pt x 238.49283pt.

Underfull \hbox (badness 10000) in paragraph at lines 383--385

 []


Overfull \hbox (7.21494pt too wide) in paragraph at lines 386--394
[]  []
 []

[46 <./figures/svf_computational_time.pdf>]) [47]
\openout2 = `chapters/Ch_conclusions.aux'.


(./chapters/Ch_conclusions.tex [48



]
Chapter 6.
[49]) [50] (./main.bbl [51


] [52] [53] [54])
Package atveryend Info: Empty hook `BeforeClearDocument' on input line 220.
 [55]
Package atveryend Info: Empty hook `AfterLastShipout' on input line 220.
 (./main.aux
(./frontback/Preamble.aux) (./chapters/Ch_introduction.aux)
(./chapters/Ch_tools.aux) (./chapters/Ch_spatial_transformations.aux)
(./chapters/Ch_log_computations.aux) (./chapters/Ch_results.aux)
(./chapters/Ch_conclusions.aux))
Package atveryend Info: Executing hook `AtVeryEndDocument' on input line 220.
Package atveryend Info: Executing hook `AtEndAfterFileList' on input line 220.
Package rerunfilecheck Info: File `main.out' has not changed.
(rerunfilecheck)             Checksum: 0B90B3AB11A62A69D0D114F64204155F;4183.
Package atveryend Info: Empty hook `AtVeryVeryEnd' on input line 220.
 ) 
Here is how much of TeX's memory you used:
 8403 strings out of 493117
 118668 string characters out of 6135433
 253908 words of memory out of 5000000
 11372 multiletter control sequences out of 15000+600000
 23711 words of font info for 90 fonts, out of 8000000 for 9000
 1141 hyphenation exceptions out of 8191
 38i,15n,43p,1432b,455s stack positions out of 5000i,500n,10000p,200000b,80000s
</usr/local/texlive/2014/texmf-dist/fonts/type1/public/amsfonts/cm/cmbx10.pfb
></usr/local/texlive/2014/texmf-dist/fonts/type1/public/amsfonts/cm/cmbx12.pfb>
</usr/local/texlive/2014/texmf-dist/fonts/type1/public/amsfonts/cm/cmbx5.pfb></
usr/local/texlive/2014/texmf-dist/fonts/type1/public/amsfonts/cm/cmbx7.pfb></us
r/local/texlive/2014/texmf-dist/fonts/type1/public/amsfonts/cm/cmex10.pfb></usr
/local/texlive/2014/texmf-dist/fonts/type1/public/amsfonts/cm/cmmi10.pfb></usr/
local/texlive/2014/texmf-dist/fonts/type1/public/amsfonts/cm/cmmi12.pfb></usr/l
ocal/texlive/2014/texmf-dist/fonts/type1/public/amsfonts/cm/cmmi5.pfb></usr/loc
al/texlive/2014/texmf-dist/fonts/type1/public/amsfonts/cm/cmmi7.pfb></usr/local
/texlive/2014/texmf-dist/fonts/type1/public/amsfonts/cm/cmr10.pfb></usr/local/t
exlive/2014/texmf-dist/fonts/type1/public/amsfonts/cm/cmr12.pfb></usr/local/tex
live/2014/texmf-dist/fonts/type1/public/amsfonts/cm/cmr17.pfb></usr/local/texli
ve/2014/texmf-dist/fonts/type1/public/amsfonts/cm/cmr5.pfb></usr/local/texlive/
2014/texmf-dist/fonts/type1/public/amsfonts/cm/cmr6.pfb></usr/local/texlive/201
4/texmf-dist/fonts/type1/public/amsfonts/cm/cmr7.pfb></usr/local/texlive/2014/t
exmf-dist/fonts/type1/public/amsfonts/cm/cmr8.pfb></usr/local/texlive/2014/texm
f-dist/fonts/type1/public/amsfonts/cm/cmsl10.pfb></usr/local/texlive/2014/texmf
-dist/fonts/type1/public/amsfonts/cm/cmsy10.pfb></usr/local/texlive/2014/texmf-
dist/fonts/type1/public/amsfonts/cm/cmsy5.pfb></usr/local/texlive/2014/texmf-di
st/fonts/type1/public/amsfonts/cm/cmsy7.pfb></usr/local/texlive/2014/texmf-dist
/fonts/type1/public/amsfonts/cm/cmti10.pfb></usr/local/texlive/2014/texmf-dist/
fonts/type1/public/amsfonts/euler/eufm10.pfb></usr/local/texlive/2014/texmf-dis
t/fonts/type1/public/amsfonts/symbols/msbm10.pfb>
Output written on main.pdf (61 pages, 3135561 bytes).
PDF statistics:
 1977 PDF objects out of 2073 (max. 8388607)
 1265 compressed objects within 13 object streams
 282 named destinations out of 1000 (max. 500000)
 474 words of extra memory for PDF output out of 10000 (max. 10000000)

